4564
1532
546
8769
3075
1316
7702
5065
5323
6576
3411
6249
8709
7581
7027
4180
7151
9594
7113
5373
4561
7195
3408
548
8675
5729
9639
1697
2448
84
775
3399
484
2524
4582
4544
609
7105
9230
8781
4610
6612
2140
1162
9843
49
3158
5227
1911
8644
2345
4547
8834
2963
9383
1359
5493
8962
9593
5949
119
760
3713
9181
3106
4958
2992
3541
2844
7753
8022
6726
3254
4989
9437
5052
7278
2138
5881
4173
9012
8085
1029
7823
9602
930
6060
8569
859
1127
650
347
9307
4173
7143
4451
7472
9750
2972
8266
6507
8266
7999
3195
489
6822
4174
8482
6742
7024
7872
1838
8612
7870
6812
4394
5135
125
3847
5383
9098
3680
2020
4133
6729
5162
1365
6566
8286
1549
7484
5114
7520
2193
2492
9739
757
8977
8906
7613
3094
2264
4226
4497
6003
7134
9753
7085
2428
9426
3158
8145
3524
6267
7997
1790
4822
7842
1112
6227
4962
205
3290
872
5147
6476
5571
6076
328
9347
7197
5971
1660
9813
2262
6236
2781
5740
5305
1581
8411
3999
3328
7125
7369
1611
3015
6999
2053
7799
4758
8059
2883
3505
7216
8528
3384
1265
8493
9766
2447
6797
3195
8543
6263
9483
5848
4595
4791
1799
9699
5489
1590
7465
3653
7782
9070
218
1470
663
6587
4292
8848
9157
8761
4696
8652
185
6741
1311
3722
2649
5938
1822
1165
3661
4235
434
7848
2036
2197
6941
5151
1368
9720
6507
8390
2716
3534
3486
6963
8102
8156
4452
2155
4525
4484
6737
5195
6122
1130
3258
9937
7339
7967
3974
9425
6190
9146
9269
7438
1346
2383
1117
3430
6841
285
9181
5270
6928
903
1368
9061
4790
9155
8199
467
8781
8011
9924
3917
6278
579
4600
5744
5398
1331
2036
8325
4466
6237
5602
7656
6165
5217
5349
5129
342
9307
9941
5050
7991
4195
4036
4695
4006
4450
8713
1575
8385
5268
3090
3446
7204
1844
6657
6788
6315
4135
904
6237
3524
2034
6474
6785
4791
437
9971
4086
3145
2081
1646
7714
4587
929
6014
8186
4334
6080
2267
1854
7513
3878
9717
1803
8838
3577
2294
5590
2156
5708
7848
648
1929
2565
7830
1234
2171
2708
199
7595
8815
2244
9905
4073
2472
3032
8762
508
4139
5948
3207
3443
6935
9182
7595
6173
1720
4941
6084
9183
6552
4995
2047
477
1822
5231
9625
5048
5572
5784
5375
200
7037
9634
6213
9055
8387
3454
4625
7125
1981
1240
9534
426
7977
1842
9458
7995
6229
3844
2736
5207
9845
4260
8591
8631
2611
7685
8551
5403
4872
3965
3737
4236
3529
3787
4212
9493
2559
2082
9008
7632
1686
5301
1620
3511
9811
5409
4528
7304
7049
949
7889
6436
832
2196
4252
7363
937
5671
9642
8594
653
6142
7363
7241
7651
7452
2782
2803
2039
8155
1921
3668
4044
9042
7718
5315
7378
7623
2520
2618
6429
6912
997
8408
5667
838
9605
8451
7648
7376
2309
2171
7951
341
1683
9372
9880
6583
5001
2908
2609
790
2012
4885
5231
1509
9091
4769
7114
5856
9253
5558
6259
3375
2317
3194
7176
340
4690
4373
1159
6085
3713
9423
9507
7855
3655
9176
5497
2524
4738
5963
7898
6835
3360
1625
7245
7478
3509
8975
6301
5161
9850
3107
670
4058
4836
7382
5925
9638
1495
7046
2281
8821
4099
5128
645
8579
9765
9101
6523
155
9288
5480
5782
711
2136
4394
5388
6955
4573
934
7455
9949
3007
2192
978
8324
4849
9629
8488
3724
2282
3963
4281
5199
3535
3544
8072
571
8549
9502
5771
3213
4632
3107
3222
9389
1149
5999
9176
2927
5532
9200
7595
3252
9570
7010
9318
3320
6964
5111
9899
7502
3700
846
8874
3263
9596
6597
4654
496
6278
977
8945
1106
9626
2990
5400
5668
2545
3965
7
5946
2488
5784
6558
3780
7721
802
3553
5484
7707
327
1990
8380
41
834
8554
1995
5508
6941
8393
7497
1962
3157
9463
9770
406
4444
9707
3974
2435
1685
7651
7791
6119
7129
3301
1798
1530
3700
3904
1938
2781
1803
5170
2481
4697
2761
7044
3127
2276
3080
3658
6700
4455
2767
3003
2689
9749
2416
866
3846
9632
8077
1354
8379
5949
8753
2408
904
2850
6422
547
9505
8450
6020
2990
7767
3480
6156
8740
5543
7571
358
3204
1951
5245
4104
1855
6829
1607
442
1512
6795
4654
6734
408
5848
6181
2873
3877
5802
7641
3313
3952
4219
4696
9479
1533
5797
3845
7136
5872
7440
3823
172
5368
336
1574
8065
1016
6437
7708
5107
8070
8416
685
3801
9179
2309
6088
9718
2483
2636
6585
589
7565
6335
1735
5195
3847
2011
704
3797
941
4008
4613
5670
6698
3676
6088
6136
3745
2358
2120
7351
9550
2665
2439
4906
2844
7648
7623
8377
8512
4989
6294
7398
7797
5837
2832
9217
3671
3676
7368
6711
8309
4993
7378
8980
8019
3994
7281
4889
2441
5895
1920
5261
5384
9134
6315
283
4395
595
4005
8527
2846
4470
6313
6551
4800
5243
5647
513
6948
3262
8388
1679
6130
4548
9247
954
7375
4966
5206
9188
8812
9947
6790
1825
5390
974
2810
735
7234
3274
2770
6852
2014
8890
9133
4267
8972
4706
9206
7753
9101
8733
4091
4264
9621
7723
7973
1204
4561
9161
6159
2130
8249
365
8436
5818
6343
5179
2094
4565
5056
7868
6968
55
5075
2941
9655
1279
9172
9547
5279
6583
3259
383
1555
1517
5604
6989
2830
7140
6518
624
3244
2130
9441
3908
5354
5450
5757
464
6588
8097
9290
9956
4187
3380
3130
2136
2165
3135
3660
4464
6352
6523
9586
256
2049
6256
3855
3303
8784
7528
6201
6123
3256
3663
6264
7025
2853
2057
7074
6703
5958
2899
5703
624
7008
14
2802
2180
3103
7346
8905
1516
7316
6368
7183
2046
2093
4098
8626
3115
5286
8546
3967
3256
5875
2740
2496
2584
3733
4067
1813
9198
3268
9925
5131
8591
5928
3278
4479
5508
7398
9487
2454
3565
7253
7093
5195
5001
4978
9558
6555
4326
5594
1280
9028
5759
1305
1895
5555
7154
4729
8497
891
3731
3515
7546
4657
7631
804
2526
3664
3480
7168
3571
5023
9330
4744
6411
3998
6256
9543
256
2350
8224
3615
7020
3125
167
6137
826
5868
6233
321
4809
892
9586
4836
3979
9227
3628
9555
1836
3125
6947
6712
2199
7644
4905
4349
3377
9586
2188
5347
6502
9160
603
8189
724
8113
8903
9175
5468
4785
5557
5255
1518
6342
2471
8601
4298
8349
837
3589
3634
9087
1707
1456
4626
8167
6191
9701
692
4531
8070
2883
5745
3313
355
3504
2551
2209
3062
2608
3277
778
3090
7334
7840
566
4737
4471
2361
6159
3098
5435
2283
5733
1278
1312
3279
7738
8292
3509
5288
2696
8790
9113
1980
5786
2417
9410
7110
1689
391
940
2477
6620
7271
6602
4120
5364
7747
1588
617
7566
4427
4827
7871
192
7382
2564
8198
8422
8269
6948
5451
2051
2218
2347
1729
9415
9867
9175
4051
553
3428
9923
1343
810
5097
9655
2310
5324
4145
9757
5103
3932
3532
3745
7088
7693
9014
9628
903
8253
8277
3480
8744
2037
7702
5653
5122
7605
1794
1969
4466
9668
8670
4781
8449
6287
2613
5979
9584
3819
6416
908
7697
3493
246
7466
3249
5854
5948
9508
3062
6547
4560
1699
5210
7345
5836
7367
1242
8572
9669
9844
3143
5448
6758
8112
3079
3161
181
7281
6268
7789
1265
4381
9776
1200
348
479
1515
2612
7873
6392
7178
4276
7112
1805
4035
1139
43
1800
6715
2000
4992
774
4258
6174
2074
6847
3863
5924
9744
2054
7103
5826
4027
6419
1154
1034
3482
7870
9141
8570
4084
5555
7475
5473
933
2469
3360
7307
2892
1816
348
2284
7474
5483
9645
2917
4307
2336
7923
8381
5191
9191
3426
8778
6835
2091
4301
576
5584
9186
5007
8407
3267
9762
3736
4734
8726
6351
7225
3313
3338
5977
632
5590
611
2491
6102
8811
8263
3199
8264
480
8436
1900
1647
5606
321
4033
894
5743
7832
8170
4848
2519
2728
536
9288
8190
3656
2219
5965
721
5590
650
8663
387
3788
8060
5231
3814
6100
2187
4830
5430
5542
2840
432
947
2598
6240
8052
2385
8621
6211
59
7330
3704
8925
3099
8847
2747
7211
254
7201
9639
4476
5779
2244
4969
2983
7584
9848
2706
2386
9184
3121
507
7143
9190
1076
3957
7029
1657
6131
2771
3788
7605
6475
5745
6835
81
3348
6749
8409
9360
7528
1256
8620
7727
5429
9005
3819
9718
6363
6030
8296
8806
5321
5728
4766
7449
6718
4803
253
9131
2443
5998
7400
5416
1844
9579
6570
5224
5566
8108
7763
5689
6414
5784
5800
7281
8278
8514
3116
4589
5815
9965
4177
5047
5083
4874
9563
1910
7310
2853
8681
3043
7457
9231
8592
6986
9323
7319
3333
8894
7739
9572
1126
685
8582
7879
3119
7033
6203
5799
1870
6144
7842
8253
8230
2644
5029
4927
3003
5511
1021
73
1371
4902
6548
4553
1262
443
5616
7031
5888
644
5891
4346
5876
1041
8314
641
7383
9554
1909
949
7281
8986
9470
507
6118
1036
2091
7642
4461
1541
1458
8055
4448
710
6351
6722
2183
172
34
3181
4562
2281
9459
870
6041
8430
6925
5094
7802
2930
4705
5688
3056
8673
1873
5822
5470
4799
7124
229
8869
897
8459
8757
2819
3136
2712
4748
2832
8165
6161
8735
5301
288
5374
1847
8225
7813
427
2549
7628
2815
3374
2553
2290
9618
2752
7279
2677
402
8256
3721
8462
9710
442
2312
3088
391
8397
6070
5206
5615
7375
5596
7844
8059
9527
751
3692
7299
6499
9776
8826
5033
124
4974
6444
6442
4456
5718
314
6472
9994
3439
5384
5726
4626
4138
3072
9813
8354
8666
25
538
5506
9077
5554
4989
9021
5091
8478
4276
5963
6719
9021
9954
512
1115
2755
5311
5602
7479
3599
4906
5469
8366
7963
3532
5562
1349
6051
6866
8771
7694
227
9506
6404
2131
5271
6697
8382
2836
2486
7613
7131
5009
5392
5983
3867
2883
5940
5594
3804
7061
311
184
3916
8738
8682
5274
8355
695
5594
7712
6422
2700
6003
1337
6346
2813
5197
6720
3945
401
8019
9856
9974
4024
9363
2119
2803
6357
8801
3201
1263
8847
6600
2407
7540
2362
3797
1857
4537
4035
1750
436
7423
7178
5804
930
2702
9362
5587
4897
7676
897
8286
5896
8104
4791
6150
8141
5453
8494
7179
1539
4450
5134
6777
7695
6638
1569
7699
4465
6802
5279
1515
2247
8718
2173
7182
879
3123
1430
9448
1616
296
4393
8995
9593
5123
5053
2997
9733
7175
5532
8928
7679
8712
2706
7300
8432
8425
7046
1311
8578
2987
2194
8030
353
3182
8187
3967
4963
3554
2701
9184
5784
743
7327
4506
8000
8132
9595
2229
15
7177
1772
4809
8491
9233
9682
6785
2051
9709
5920
6759
6676
1419
9475
2779
2039
7632
6367
2684
3887
9437
2529
8511
7973
4008
4378
4681
2147
8309
1628
3213
3070
6954
655
9522
3767
7927
5473
3831
8393
3058
5963
1071
1244
6392
6401
8822
529
3792
236
1803
7113
829
6118
1928
8053
3233
3774
3555
3549
350
5244
7503
1059
3515
2601
1329
5056
4731
1283
5237
9499
9574
5979
3809
8983
4981
7103
2067
8385
6500
9528
8030
7697
6334
9092
8251
8492
5470
7980
3355
6537
1135
2427
6744
4546
2277
